<?xml version="1.0" encoding="UTF-8"?>
<testng-results ignored="0" total="1" passed="1" failed="0" skipped="0">
  <reporter-output>
  </reporter-output>
  <suite started-at="2024-04-07T12:01:13 IST" name="Default suite" finished-at="2024-04-07T12:01:28 IST" duration-ms="14329">
    <groups>
    </groups>
    <test started-at="2024-04-07T12:01:13 IST" name="Default test" finished-at="2024-04-07T12:01:28 IST" duration-ms="14329">
      <class name="Testcase_001_CreateLead">
        <test-method is-config="true" signature="preCondition()[pri:0, instance:Testcase_001_CreateLead@593aaf41]" started-at="2024-04-07T12:01:04 IST" name="preCondition" finished-at="2024-04-07T12:01:13 IST" duration-ms="9073" status="PASS">
          <reporter-output>
          </reporter-output>
        </test-method> <!-- preCondition -->
        <test-method signature="runCreateLead()[pri:0, instance:Testcase_001_CreateLead@593aaf41]" started-at="2024-04-07T12:01:13 IST" name="runCreateLead" finished-at="2024-04-07T12:01:27 IST" duration-ms="14161" status="PASS">
          <reporter-output>
          </reporter-output>
        </test-method> <!-- runCreateLead -->
        <test-method is-config="true" signature="postCondition()[pri:0, instance:Testcase_001_CreateLead@593aaf41]" started-at="2024-04-07T12:01:27 IST" name="postCondition" finished-at="2024-04-07T12:01:28 IST" duration-ms="137" status="PASS">
          <reporter-output>
          </reporter-output>
        </test-method> <!-- postCondition -->
      </class> <!-- Testcase_001_CreateLead -->
    </test> <!-- Default test -->
  </suite> <!-- Default suite -->
</testng-results>
